Design: 04:12 a.m., Viernes, 07 de Diciembre de 2018
Design: Opening design "E:\ESCOM\DSD\EXAMENX2\Dado\vhd\Dado\Dado.adf"
Compilation with file reorder...
File: E:\ESCOM\DSD\EXAMENX2\Dado\vhd\Dado.vhd
Compile Entity "examen"
ELBREAD: Elaboration process.
ELBREAD: Elaboration time 0.1 [s].
ELBREAD: Elaboration process.
ELBREAD: Elaboration time 0.1 [s].
KERNEL: Main thread initiated.
KERNEL: Kernel process initialization phase.
ELAB2: Elaboration final pass...
ELAB2: Elaboration final pass complete - time: 0.1 [s].
KERNEL: Kernel process initialization done.
04:14 a.m., Viernes, 07 de Diciembre de 2018
Simulation has been initialized
Selected Top-Level: examen (DSMB)
KERNEL: stopped at time: 100 ns
KERNEL: stopped at time: 200 ns
KERNEL: stopped at time: 300 ns
KERNEL: stopped at time: 400 ns
KERNEL: stopped at time: 500 ns
KERNEL: stopped at time: 600 ns
KERNEL: stopped at time: 700 ns
KERNEL: stopped at time: 800 ns
KERNEL: stopped at time: 900 ns
KERNEL: stopped at time: 1 us
KERNEL: stopped at time: 1100 ns
KERNEL: stopped at time: 1200 ns
KERNEL: stopped at time: 1300 ns
KERNEL: stopped at time: 1400 ns
KERNEL: stopped at time: 1500 ns
KERNEL: stopped at time: 1600 ns
Simulation has been stopped
