
     | | | | | | |
   _________________
  -|               |-
  -|               |-
  -|               |-
  -|    CYPRESS    |-
  -|               |-
  -|               |-   Warp VHDL Synthesis Compiler: Version 6.3 IR 35
  -|               |-   Copyright (C) 1991-2001 Cypress Semiconductor
   |_______________|
     | | | | | | |

======================================================================
Compiling:  FFSR.vhd
Options:    -yu -e10 -w100 -o2 -ygs -fP -v10 -dc22v10 -ppalc22v10d-25pc -b FFSR.vhd -u FFSR.hie
======================================================================

vhdlfe V6.3 IR 35:  VHDL parser
Fri Sep 21 09:08:12 2018

Library 'work' => directory 'lc22v10'
Linking 'C:\ARCHIV~1\Cypress\Warp\bin\std.vhd'.
Linking 'C:\ARCHIV~1\Cypress\Warp\lib\common\cypress.vhd'.
Linking 'C:\ARCHIV~1\Cypress\Warp\lib\common\work\cypress.vif'.
Library 'ieee' => directory 'C:\ARCHIV~1\Cypress\Warp\lib\ieee\work'
Linking 'C:\ARCHIV~1\Cypress\Warp\lib\ieee\work\stdlogic.vif'.

vhdlfe:  No errors.


tovif V6.3 IR 35:  High-level synthesis
Fri Sep 21 09:08:13 2018

Linking 'C:\ARCHIV~1\Cypress\Warp\bin\std.vhd'.
Linking 'C:\ARCHIV~1\Cypress\Warp\lib\common\cypress.vhd'.
Linking 'C:\ARCHIV~1\Cypress\Warp\lib\common\work\cypress.vif'.
Linking 'C:\ARCHIV~1\Cypress\Warp\lib\ieee\work\stdlogic.vif'.

tovif:  No errors.


topld V6.3 IR 35:  Synthesis and optimization
Fri Sep 21 09:08:13 2018

Linking 'C:\ARCHIV~1\Cypress\Warp\bin\std.vhd'.
Linking 'C:\ARCHIV~1\Cypress\Warp\lib\common\cypress.vhd'.
Linking 'C:\ARCHIV~1\Cypress\Warp\lib\common\work\cypress.vif'.
Linking 'C:\ARCHIV~1\Cypress\Warp\lib\ieee\work\stdlogic.vif'.

----------------------------------------------------------
Detecting unused logic.
----------------------------------------------------------
    User names
	aux


Deleted 1 User equation or component.
Deleted 0 Synthesized equations/components.

------------------------------------------------------
Alias Detection
------------------------------------------------------

------------------------------------------------------
Aliased 0 equations, 2 wires.
------------------------------------------------------

----------------------------------------------------------
Circuit simplification
----------------------------------------------------------

----------------------------------------------------------
Circuit simplification results:

	Expanded 0 signals.
	Turned 0 signals into soft nodes.
	Maximum default expansion cost was set at 10.
----------------------------------------------------------
Created 14 PLD nodes.

topld:  No errors.

----------------------------------------------------------------------------
PLD Optimizer Software:       DSGNOPT.EXE    31/03/2000  [v4.02 ] 6.3 IR 35

DESIGN HEADER INFORMATION  (09:08:15)

Input File(s): FFSR.pla
Device       : C22V10
Package      : palc22v10d-25pc
ReportFile   : FFSR.rpt

Program Controls:
    COMMAND LANGUAGE_VHDL 
    COMMAND PROPERTY BUS_HOLD ENABLE 

Signal Requests:
    GROUP USEPOL ALL
    GROUP FAST_SLEW ALL

Completed Successfully  
----------------------------------------------------------------------------
PLD Optimizer Software:       DSGNOPT.EXE    31/03/2000  [v4.02 ] 6.3 IR 35

OPTIMIZATION OPTIONS       (09:08:15)

Messages:
  Information: Process virtual 'nqD'nqD ... expanded.
  Information: Process virtual 'qD'qD ... expanded.
  Information: Optimizing logic using best output polarity for signals:
         nq.D q.D

  Information: Selected logic optimization OFF for signals:
         nq.AP nq.C q.AR q.C



Summary:
                 Error Count = 0      Warning Count = 0

Completed Successfully  
----------------------------------------------------------------------------
PLD Optimizer Software:       MINOPT.EXE     01/NOV/1999  [v4.02 ] 6.3 IR 35

LOGIC MINIMIZATION         ()

Messages:


Summary:
                 Error Count = 0      Warning Count = 0

Completed Successfully
----------------------------------------------------------------------------
PLD Optimizer Software:       DSGNOPT.EXE    31/03/2000  [v4.02 ] 6.3 IR 35

OPTIMIZATION OPTIONS       (09:08:16)

Messages:
  Information: Optimizing Banked Preset/Reset requirements.
  Information: Optimizing logic without changing polarity for signals:
         nq.D q.D

  Information: Selected logic optimization OFF for signals:
         nq.AR nq.SP nq.C q.AR q.SP q.C



Summary:
                 Error Count = 0      Warning Count = 0

Completed Successfully  
----------------------------------------------------------------------------
PLD Optimizer Software:       MINOPT.EXE     01/NOV/1999  [v4.02 ] 6.3 IR 35

LOGIC MINIMIZATION         ()

Messages:


Summary:
                 Error Count = 0      Warning Count = 0

Completed Successfully
----------------------------------------------------------------------------
PLD Optimizer Software:       DSGNOPT.EXE    31/03/2000  [v4.02 ] 6.3 IR 35

OPTIMIZATION OPTIONS       (09:08:16)

Messages:


Summary:
                 Error Count = 0      Warning Count = 0

Completed Successfully  
----------------------------------------------------------------------------
PLD Compiler Software:        PLA2JED.EXE    31/03/2000  [v4.02 ] 6.3 IR 35

<CYPRESSTAG name="Equations" icon=FILE_RPT_EQUATION>
DESIGN EQUATIONS           (09:08:16)
</CYPRESSTAG>

    /nq.D =
          q.Q * /r 
        + s 
        + pre 

    nq.AR =
          /clr 

    nq.SP =
          GND

    nq.C =
          clk 

    q.D =
          q.Q * /r 
        + s 
        + pre 

    q.AR =
          /clr 

    q.SP =
          GND

    q.C =
          clk 


Completed Successfully  
----------------------------------------------------------------------------
PLD Compiler Software:        PLA2JED.EXE    31/03/2000  [v4.02 ] 6.3 IR 35

DESIGN RULE CHECK          (09:08:16)

Messages:
                 None.


Summary:
                 Error Count = 0      Warning Count = 0

Completed Successfully  
----------------------------------------------------------------------------
PLD Compiler Software:        PLA2JED.EXE    31/03/2000  [v4.02 ] 6.3 IR 35

<CYPRESSTAG name="Pinout" icon=FILE_RPT_PINOUT>
PINOUT INFORMATION   (09:08:16)
</CYPRESSTAG>
Messages:
  Information: Checking for duplicate NODE logic.
                 None.


                                 C22V10
                 __________________________________________
            clk =| 1|                                  |24|* not used       
              s =| 2|                                  |23|= nq             
              r =| 3|                                  |22|* not used       
            pre =| 4|                                  |21|* not used       
            clr =| 5|                                  |20|* not used       
       not used *| 6|                                  |19|* not used       
       not used *| 7|                                  |18|* not used       
       not used *| 8|                                  |17|* not used       
       not used *| 9|                                  |16|* not used       
       not used *|10|                                  |15|* not used       
       not used *|11|                                  |14|= q              
       not used *|12|                                  |13|* not used       
                 __________________________________________


Summary:
                 Error Count = 0      Warning Count = 0

Completed Successfully  
----------------------------------------------------------------------------
PLD Compiler Software:        PLA2JED.EXE    31/03/2000  [v4.02 ] 6.3 IR 35

<CYPRESSTAG name="Utilization" icon=FILE_RPT_UTILIZATION>
RESOURCE UTILIZATION (09:08:16)
</CYPRESSTAG>
  Information: Macrocell Utilization.

                     Description        Used     Max
                 ______________________________________
                 | Dedicated Inputs   |    4  |   11  |
                 | Clock/Inputs       |    1  |    1  |
                 | I/O Macrocells     |    2  |   10  |
                 ______________________________________
                                           7  /   22   = 31  %


  Information: Output Logic Product Term Utilization.

                  Node#  Output Signal Name  Used   Max
                 ________________________________________
                 | 14  |  q               |   3  |   8  |
                 | 15  |  Unused          |   0  |  10  |
                 | 16  |  Unused          |   0  |  12  |
                 | 17  |  Unused          |   0  |  14  |
                 | 18  |  Unused          |   0  |  16  |
                 | 19  |  Unused          |   0  |  16  |
                 | 20  |  Unused          |   0  |  14  |
                 | 21  |  Unused          |   0  |  12  |
                 | 22  |  Unused          |   0  |  10  |
                 | 23  |  nq              |   3  |   8  |
                 | 25  |  Unused          |   0  |   1  |
                 ________________________________________
                                              6  / 121   = 4   %


Completed Successfully  
----------------------------------------------------------------------------
PLD Compiler Software:        PLA2JED.EXE    31/03/2000  [v4.02 ] 6.3 IR 35

JEDEC ASSEMBLE             (09:08:16)

Messages:
  Information: Output file 'FFSR.pin' created.
  Information: Output file 'FFSR.jed' created.

  Usercode:    
  Checksum:    3014



Summary:
                 Error Count = 0      Warning Count = 0

Completed Successfully at 09:08:16
