Design: 11:36 a.m., Jueves, 08 de Noviembre de 2018
Design: Opening design "E:\ESCOM\DSD\PRACTICA 5\vhd\PRACTICA5\PRACTICA5.adf"
Compilation with file reorder...
File: E:\ESCOM\DSD\PRACTICA 5\vhd\PRACTICA5.vhd
Compile Entity "condec"
Compile Architecture "DSMB" of Entity "condec"
Top-Level unit detected
Entity  =>   condec
Compile success 0 Errors 0 Warnings  Analysis time :  3.0 [s]
ELBREAD: Elaboration process.
ELBREAD: Elaboration time 0.1 [s].
ELBREAD: Elaboration process.
ELBREAD: Elaboration time 0.0 [s].
KERNEL: Main thread initiated.
KERNEL: Kernel process initialization phase.
ELAB2: Elaboration final pass...
ELAB2: Elaboration final pass complete - time: 0.1 [s].
KERNEL: Kernel process initialization done.
11:38 a.m., Jueves, 08 de Noviembre de 2018
Simulation has been initialized
Selected Top-Level: condec (DSMB)
KERNEL: stopped at time: 100 ns
KERNEL: stopped at time: 200 ns
KERNEL: stopped at time: 300 ns
KERNEL: stopped at time: 400 ns
KERNEL: stopped at time: 500 ns
KERNEL: stopped at time: 600 ns
KERNEL: stopped at time: 700 ns
KERNEL: stopped at time: 800 ns
KERNEL: stopped at time: 900 ns
KERNEL: stopped at time: 1 us
KERNEL: stopped at time: 1100 ns
KERNEL: stopped at time: 1200 ns
KERNEL: stopped at time: 1300 ns
KERNEL: stopped at time: 1400 ns
KERNEL: stopped at time: 1500 ns
KERNEL: stopped at time: 1600 ns
KERNEL: stopped at time: 1700 ns
KERNEL: stopped at time: 1800 ns
KERNEL: stopped at time: 1900 ns
KERNEL: stopped at time: 2 us
Simulation has been stopped
